Arguments: 
  /home/max/.nvm/versions/node/v8.4.0/bin/node /home/max/.nvm/versions/node/v8.4.0/bin/yarn

PATH: 
  /home/max/.nvm/versions/node/v8.4.0/bin:/home/max/bin:/usr/local/bin:/usr/local/bin:/usr/local/sbin:/usr/bin:/usr/lib/jvm/default/bin:/usr/bin/site_perl:/usr/bin/vendor_perl:/usr/bin/core_perl:/home/max/bin

Yarn version: 
  1.3.2

Node version: 
  8.4.0

Platform: 
  linux x64

npm manifest: 
  {
    "name": "reveal.js",
    "version": "3.3.0",
    "description": "The HTML Presentation Framework",
    "homepage": "http://lab.hakim.se/reveal-js",
    "subdomain": "revealjs",
    "main": "js/reveal.js",
    "scripts": {
      "test": "grunt test",
      "start": "grunt serve",
      "package": "zip"
    },
    "author": {
      "name": "Hakim El Hattab",
      "email": "hakim.elhattab@gmail.com",
      "web": "http://hakim.se"
    },
    "repository": {
      "type": "git",
      "url": "git://github.com/hakimel/reveal.js.git"
    },
    "engines": {
      "node": ">=4.0.0"
    },
    "dependencies": {
      "express": "~4.13.3",
      "grunt-cli": "~0.1.13",
      "mustache": "~2.2.1",
      "socket.io": "~1.3.7"
    },
    "devDependencies": {
      "grunt": "~0.4.5",
      "grunt-autoprefixer": "~3.0.3",
      "grunt-contrib-connect": "~0.11.2",
      "grunt-contrib-cssmin": "~0.14.0",
      "grunt-contrib-jshint": "~0.11.3",
      "grunt-contrib-qunit": "~1.2.0",
      "grunt-contrib-uglify": "~0.9.2",
      "grunt-contrib-watch": "~0.6.1",
      "grunt-sass": "~1.1.0-beta",
      "grunt-zip": "~0.17.1",
      "node-sass": "~3.13.0"
    },
    "license": "MIT"
  }

yarn manifest: 
  No manifest

Lockfile: 
  No lockfile

Trace: 
  Error: https://registry.yarnpkg.com/express: ETIMEDOUT
      at Timeout._onTimeout (/home/max/.nvm/versions/node/v8.4.0/lib/node_modules/yarn/lib/cli.js:123749:19)
      at ontimeout (timers.js:469:11)
      at tryOnTimeout (timers.js:304:5)
      at Timer.listOnTimeout (timers.js:264:5)
