0 info it worked if it ends with ok
1 verbose cli [ '/home/max/.nvm/versions/node/v4.4.7/bin/node',
1 verbose cli   '/home/max/.nvm/versions/node/v4.4.7/bin/npm',
1 verbose cli   'star',
1 verbose cli   't' ]
2 info using npm@2.15.8
3 info using node@v4.4.7
4 silly mapToRegistry name t
5 silly mapToRegistry using default registry
6 silly mapToRegistry registry https://registry.npmjs.org/
7 silly mapToRegistry data Result {
7 silly mapToRegistry   raw: 't',
7 silly mapToRegistry   scope: null,
7 silly mapToRegistry   name: 't',
7 silly mapToRegistry   rawSpec: '',
7 silly mapToRegistry   spec: 'latest',
7 silly mapToRegistry   type: 'tag' }
8 silly mapToRegistry uri https://registry.npmjs.org/t
9 verbose stack Error: Must be logged in to star/unstar packages
9 verbose stack     at CachingRegistryClient.star (/home/max/.nvm/versions/node/v4.4.7/lib/node_modules/npm/node_modules/npm-registry-client/lib/star.js:15:14)
9 verbose stack     at /home/max/.nvm/versions/node/v4.4.7/lib/node_modules/npm/lib/star.js:32:20
9 verbose stack     at mapToRegistry (/home/max/.nvm/versions/node/v4.4.7/lib/node_modules/npm/lib/utils/map-to-registry.js:62:3)
9 verbose stack     at /home/max/.nvm/versions/node/v4.4.7/lib/node_modules/npm/lib/star.js:25:5
9 verbose stack     at /home/max/.nvm/versions/node/v4.4.7/lib/node_modules/npm/node_modules/slide/lib/async-map.js:52:35
9 verbose stack     at Array.forEach (native)
9 verbose stack     at /home/max/.nvm/versions/node/v4.4.7/lib/node_modules/npm/node_modules/slide/lib/async-map.js:52:11
9 verbose stack     at Array.forEach (native)
9 verbose stack     at asyncMap (/home/max/.nvm/versions/node/v4.4.7/lib/node_modules/npm/node_modules/slide/lib/async-map.js:51:8)
9 verbose stack     at EventEmitter.star (/home/max/.nvm/versions/node/v4.4.7/lib/node_modules/npm/lib/star.js:24:3)
10 verbose cwd /home/max/workspace/prez/docker-hands-on/slides
11 error Linux 4.8.13-1-ARCH
12 error argv "/home/max/.nvm/versions/node/v4.4.7/bin/node" "/home/max/.nvm/versions/node/v4.4.7/bin/npm" "star" "t"
13 error node v4.4.7
14 error npm  v2.15.8
15 error code ENEEDAUTH
16 error need auth Must be logged in to star/unstar packages
16 error need auth You need to authorize this machine using `npm adduser`
17 verbose exit [ 1, true ]
